{
  "RSpec": {
    "coverage": {
      "/Users/ayshababur/Desktop/makers/makers_bnb/makers_bnb/spec/features/homepage_spec.rb": {
        "lines": [
          1,
          null,
          1,
          1,
          1,
          1,
          1,
          null,
          null,
          null
        ]
      },
      "/Users/ayshababur/Desktop/makers/makers_bnb/makers_bnb/spec/features/log_in_spec.rb": {
        "lines": [
          1,
          null,
          1,
          1,
          1,
          1,
          1,
          1,
          1,
          null,
          null
        ]
      },
      "/Users/ayshababur/Desktop/makers/makers_bnb/makers_bnb/spec/features/sign_up_spec.rb": {
        "lines": [
          1,
          null,
          1,
          1,
          1,
          1,
          1,
          1,
          1,
          1,
          1,
          1,
          null,
          null
        ]
      },
      "/Users/ayshababur/Desktop/makers/makers_bnb/makers_bnb/spec/property_listing_spec.rb": {
        "lines": [
          1,
          1,
          null,
          null,
          1,
          2,
          1,
          1,
          1,
          1,
          1,
          null,
          null
        ]
      }
    },
    "timestamp": 1584456911
  }
}
